.=====================================================================.
                                                                       
  .d8888b.   .o8888b.  db  .d8888b.  d8888b. d88888b d8888b.  .d888b.  
 .8P    Y8. d8P    Y8  88 .8P    Y8. 88  `8D 88'     88  `8D .8P , Y8. 
 88      88 8P     .ooo88 88      88 88oooY' 88oooo  88oobY' 88  |  88 
 88      88 8b     `~~~88 88      88 88~~~b. 88~~~~  88`8b   88  |/ 88 
 `8b    d8' Y8b    d8  88 `8b    d8' 88   8D 88.     88 `88. `8b | d8' 
  `Y8888P'   `Y8888P'  YP  `Y8888P'  Y8888P' Y88888P 88   YD  `Y888P'  
                                                                       
`========================== INSTALLATION LOG ========================='

[2019/05/14 11:04:02] Host: Linux ip-172-31-29-203 4.4.0-1044-aws #53-Ubuntu SMP Mon Dec 11 13:49:57 UTC 2017 x86_64
[2019/05/14 11:04:02] PHP version: 7.0.33-0ubuntu0.16.04.4
[2019/05/14 11:04:02] Server software: Apache/2.4.18 (Ubuntu)
[2019/05/14 11:04:02] Operating system: Linux
[2019/05/14 11:04:02] Memory limit: 128M
[2019/05/14 11:04:02] Max execution time: 3600
.============================ POST REQUEST ==========================.
[2019/05/14 11:04:03] Postback payload: Array
(
    [code] => phpVersion
    [handler] => onCheckRequirement
)

[2019/05/14 11:04:03] System check: phpVersion
[2019/05/14 11:04:03] Requirement phpVersion +OK
[2019/05/14 11:04:03] Execute handler (onCheckRequirement): Array
(
    [result] => 1
)

.============================ POST REQUEST ==========================.
[2019/05/14 11:04:03] Postback payload: Array
(
    [code] => curlLibrary
    [handler] => onCheckRequirement
)

[2019/05/14 11:04:03] System check: curlLibrary
[2019/05/14 11:04:03] Requirement curlLibrary +OK
[2019/05/14 11:04:03] Execute handler (onCheckRequirement): Array
(
    [result] => 1
)

.============================ POST REQUEST ==========================.
[2019/05/14 11:04:04] Postback payload: Array
(
    [code] => liveConnection
    [handler] => onCheckRequirement
)

[2019/05/14 11:04:04] System check: liveConnection
[2019/05/14 11:04:04] Server request: ping
[2019/05/14 11:04:04] Request information: Array
(
    [url] => http://gateway.octobercms.com/api/ping
    [content_type] => application/json
    [http_code] => 200
    [header_size] => 418
    [request_size] => 203
    [filetime] => -1
    [ssl_verify_result] => 0
    [redirect_count] => 0
    [total_time] => 0.135061
    [namelookup_time] => 0.004251
    [connect_time] => 0.004693
    [pretransfer_time] => 0.00472
    [size_upload] => 64
    [size_download] => 12
    [speed_download] => 88
    [speed_upload] => 473
    [download_content_length] => -1
    [upload_content_length] => 64
    [starttransfer_time] => 0.135032
    [redirect_time] => 0
    [redirect_url] => 
    [primary_ip] => 54.68.25.146
    [certinfo] => Array
        (
        )

    [primary_port] => 80
    [local_ip] => 172.31.29.203
    [local_port] => 53348
)

[2019/05/14 11:04:04] Requirement liveConnection +OK
[2019/05/14 11:04:04] Execute handler (onCheckRequirement): Array
(
    [result] => 1
)

.============================ POST REQUEST ==========================.
[2019/05/14 11:04:04] Postback payload: Array
(
    [code] => writePermission
    [handler] => onCheckRequirement
)

[2019/05/14 11:04:04] System check: writePermission
[2019/05/14 11:04:04] Requirement writePermission +OK
[2019/05/14 11:04:04] Execute handler (onCheckRequirement): Array
(
    [result] => 1
)

.============================ POST REQUEST ==========================.
[2019/05/14 11:04:05] Postback payload: Array
(
    [code] => pdoLibrary
    [handler] => onCheckRequirement
)

[2019/05/14 11:04:05] System check: pdoLibrary
[2019/05/14 11:04:05] Requirement pdoLibrary +OK
[2019/05/14 11:04:05] Execute handler (onCheckRequirement): Array
(
    [result] => 1
)

.============================ POST REQUEST ==========================.
[2019/05/14 11:04:06] Postback payload: Array
(
    [code] => mbstringLibrary
    [handler] => onCheckRequirement
)

[2019/05/14 11:04:06] System check: mbstringLibrary
[2019/05/14 11:04:06] Requirement mbstringLibrary +OK
[2019/05/14 11:04:06] Execute handler (onCheckRequirement): Array
(
    [result] => 1
)

.============================ POST REQUEST ==========================.
[2019/05/14 11:04:06] Postback payload: Array
(
    [code] => fileinfoLibrary
    [handler] => onCheckRequirement
)

[2019/05/14 11:04:06] System check: fileinfoLibrary
[2019/05/14 11:04:06] Requirement fileinfoLibrary +OK
[2019/05/14 11:04:06] Execute handler (onCheckRequirement): Array
(
    [result] => 1
)

.============================ POST REQUEST ==========================.
[2019/05/14 11:04:07] Postback payload: Array
(
    [code] => sslLibrary
    [handler] => onCheckRequirement
)

[2019/05/14 11:04:07] System check: sslLibrary
[2019/05/14 11:04:07] Requirement sslLibrary +OK
[2019/05/14 11:04:07] Execute handler (onCheckRequirement): Array
(
    [result] => 1
)

.============================ POST REQUEST ==========================.
[2019/05/14 11:04:07] Postback payload: Array
(
    [code] => zipLibrary
    [handler] => onCheckRequirement
)

[2019/05/14 11:04:07] System check: zipLibrary
[2019/05/14 11:04:07] Requirement zipLibrary +OK
[2019/05/14 11:04:07] Execute handler (onCheckRequirement): Array
(
    [result] => 1
)

.============================ POST REQUEST ==========================.
[2019/05/14 11:04:08] Postback payload: Array
(
    [code] => gdLibrary
    [handler] => onCheckRequirement
)

[2019/05/14 11:04:08] System check: gdLibrary
[2019/05/14 11:04:08] Requirement gdLibrary +OK
[2019/05/14 11:04:08] Execute handler (onCheckRequirement): Array
(
    [result] => 1
)

.============================ POST REQUEST ==========================.
[2019/05/14 11:04:20] Postback payload: Array
(
    [db_type] => mysql
    [db_host] => localhost
    [db_port] => 
    [db_name] => flexui
    [db_user] => root
    [db_pass] => *******
    [admin_first_name] => Admin
    [admin_last_name] => Person
    [admin_email] => *******@*****.com
    [admin_login] => admin
    [admin_password] => *******
    [admin_confirm_password] => *******
    [backend_uri] => /backend
    [encryption_code] => *******
    [file_mask] => 777
    [folder_mask] => 777
    [handler] => onValidateDatabase
)

.============================ POST REQUEST ==========================.
[2019/05/14 11:04:20] Postback payload: Array
(
    [db_type] => mysql
    [db_host] => localhost
    [db_port] => 
    [db_name] => flexui
    [db_user] => root
    [db_pass] => *******
    [admin_first_name] => Admin
    [admin_last_name] => Person
    [admin_email] => *******@*****.com
    [admin_login] => admin
    [admin_password] => *******
    [admin_confirm_password] => *******
    [backend_uri] => /backend
    [encryption_code] => *******
    [file_mask] => 777
    [folder_mask] => 777
    [handler] => onValidateAdminAccount
)

[2019/05/14 11:04:20] Handler error (onValidateAdminAccount): Please specify password
[2019/05/14 11:04:20] Trace log:
#0 /var/www/html/install-master/install_files/php/Installer.php(48): Installer->onValidateAdminAccount()
#1 /var/www/html/install-master/install_files/php/boot.php(91): Installer->__construct()
#2 /var/www/html/install-master/install.php(1): include('/var/www/html/i...')
#3 {main}
.============================ POST REQUEST ==========================.
[2019/05/14 11:05:00] Postback payload: Array
(
    [db_type] => mysql
    [db_host] => localhost
    [db_port] => 
    [db_name] => flexui
    [db_user] => root
    [db_pass] => *******
    [admin_first_name] => Admin
    [admin_last_name] => Person
    [admin_email] => *******@*****.com
    [admin_login] => root
    [admin_password] => *******
    [admin_confirm_password] => *******
    [backend_uri] => /backend
    [encryption_code] => *******
    [file_mask] => 777
    [folder_mask] => 777
    [handler] => onValidateDatabase
)

.============================ POST REQUEST ==========================.
[2019/05/14 11:05:00] Postback payload: Array
(
    [db_type] => mysql
    [db_host] => localhost
    [db_port] => 
    [db_name] => flexui
    [db_user] => root
    [db_pass] => *******
    [admin_first_name] => Admin
    [admin_last_name] => Person
    [admin_email] => *******@*****.com
    [admin_login] => root
    [admin_password] => *******
    [admin_confirm_password] => *******
    [backend_uri] => /backend
    [encryption_code] => *******
    [file_mask] => 777
    [folder_mask] => 777
    [handler] => onValidateAdminAccount
)

[2019/05/14 11:05:00] Handler error (onValidateAdminAccount): Please specify password
[2019/05/14 11:05:00] Trace log:
#0 /var/www/html/install-master/install_files/php/Installer.php(48): Installer->onValidateAdminAccount()
#1 /var/www/html/install-master/install_files/php/boot.php(91): Installer->__construct()
#2 /var/www/html/install-master/install.php(1): include('/var/www/html/i...')
#3 {main}
.============================ POST REQUEST ==========================.
[2019/05/14 11:05:11] Postback payload: Array
(
    [db_type] => mysql
    [db_host] => localhost
    [db_port] => 
    [db_name] => flexui
    [db_user] => root
    [db_pass] => *******
    [admin_first_name] => Admin
    [admin_last_name] => Person
    [admin_email] => *******@*****.com
    [admin_login] => root
    [admin_password] => *******
    [admin_confirm_password] => *******
    [backend_uri] => /backend
    [encryption_code] => *******
    [file_mask] => 777
    [folder_mask] => 777
    [handler] => onValidateDatabase
)

.============================ POST REQUEST ==========================.
[2019/05/14 11:05:11] Postback payload: Array
(
    [db_type] => mysql
    [db_host] => localhost
    [db_port] => 
    [db_name] => flexui
    [db_user] => root
    [db_pass] => *******
    [admin_first_name] => Admin
    [admin_last_name] => Person
    [admin_email] => *******@*****.com
    [admin_login] => root
    [admin_password] => *******
    [admin_confirm_password] => *******
    [backend_uri] => /backend
    [encryption_code] => *******
    [file_mask] => 777
    [folder_mask] => 777
    [handler] => onValidateAdminAccount
)

.============================ POST REQUEST ==========================.
[2019/05/14 11:05:11] Postback payload: Array
(
    [db_type] => mysql
    [db_host] => localhost
    [db_port] => 
    [db_name] => flexui
    [db_user] => root
    [db_pass] => *******
    [admin_first_name] => Admin
    [admin_last_name] => Person
    [admin_email] => *******@*****.com
    [admin_login] => root
    [admin_password] => *******
    [admin_confirm_password] => *******
    [backend_uri] => /backend
    [encryption_code] => *******
    [file_mask] => 777
    [folder_mask] => 777
    [handler] => onValidateAdvancedConfig
)

.============================ POST REQUEST ==========================.
[2019/05/14 11:05:14] Postback payload: Array
(
    [handler] => onGetPopularThemes
)

[2019/05/14 11:05:15] Server request: theme/popular
[2019/05/14 11:05:15] Request information: Array
(
    [url] => http://gateway.octobercms.com/api/theme/popular
    [content_type] => application/json
    [http_code] => 200
    [header_size] => 435
    [request_size] => 212
    [filetime] => -1
    [ssl_verify_result] => 0
    [redirect_count] => 0
    [total_time] => 0.284618
    [namelookup_time] => 0.060612
    [connect_time] => 0.061201
    [pretransfer_time] => 0.06123
    [size_upload] => 64
    [size_download] => 4019
    [speed_download] => 14120
    [speed_upload] => 224
    [download_content_length] => -1
    [upload_content_length] => 64
    [starttransfer_time] => 0.284589
    [redirect_time] => 0
    [redirect_url] => 
    [primary_ip] => 54.68.25.146
    [certinfo] => Array
        (
        )

    [primary_port] => 80
    [local_ip] => 172.31.29.203
    [local_port] => 53350
)

[2019/05/14 11:05:15] Execute handler (onGetPopularThemes): Array
(
    [0] => Array
        (
            [name] => Clean Blog
            [description] => Clean blogger theme.
            [code] => Responsiv.Clean
            [updated_at] => 2019-05-14 20:56:40
            [image] => //gateway.octobercms.com/storage/app/uploads/public/58e/304/7a4/thumb_6978_210_140_0_0_crop.png
            [author] => Responsiv Internet
            [hash] => 07e5b7066168a94349ac92018770c2e8
            [demo_url] => http://daftspunk.com/
            [product_url] => http://gateway.octobercms.com/theme/responsiv-clean
        )

    [1] => Array
        (
            [name] => New Age
            [description] => Landing page for mobile apps
            [code] => VojtaSvoboda.newage
            [updated_at] => 2019-05-14 22:37:47
            [image] => //gateway.octobercms.com/storage/app/uploads/public/580/7eb/dc9/thumb_5770_210_140_0_0_crop.png
            [author] => Vojta Svoboda
            [hash] => 09d9e47e64a2ed47dc35146a792008c2
            [demo_url] => https://blackrockdigital.github.io/startbootstrap-new-age/
            [product_url] => http://gateway.octobercms.com/theme/vojtasvoboda-newage
        )

    [2] => Array
        (
            [name] => Stellar
            [description] => a clean, responsive one page and blog theme
            [code] => Zwiebl.zwiebl_stellar
            [updated_at] => 2019-05-14 22:12:40
            [image] => //gateway.octobercms.com/storage/app/uploads/public/57e/bb4/fe9/thumb_5641_210_140_0_0_crop.png
            [author] => Alpen.Space
            [hash] => 19345446d87ad08e6937503019a43fd9
            [demo_url] => https://demo-stellar.alpen.space/
            [product_url] => http://gateway.octobercms.com/theme/zwiebl-zwiebl-stellar
        )

    [3] => Array
        (
            [name] => Blank Bootstrap 4
            [description] => A blank Bootstrap 4 template
            [code] => Hambern.hambern-blank-bootstrap-4
            [updated_at] => 2019-05-14 21:25:16
            [image] => //gateway.octobercms.com/storage/app/uploads/public/57b/9ba/c48/thumb_5365_210_140_0_0_crop.png
            [author] => Mattias Hamberg
            [hash] => 9a6762de633774de2cebf69a88f290d1
            [demo_url] => 
            [product_url] => http://gateway.octobercms.com/theme/hambern-hambern-blank-bootstrap-4
        )

    [4] => Array
        (
            [name] => Bonjour
            [description] => A sample multi-lingual theme for translated content.
            [code] => RainLab.Bonjour
            [updated_at] => 2019-05-14 21:25:16
            [image] => //gateway.octobercms.com/storage/app/uploads/public/577/9df/850/thumb_4911_210_140_0_0_crop.png
            [author] => RainLab
            [hash] => f1084f81e0e1c5c8d22317794292deb3
            [demo_url] => 
            [product_url] => http://gateway.octobercms.com/theme/rainlab-bonjour
        )

    [5] => Array
        (
            [name] => Viola
            [description] => One Page Theme based on Bootstrap 4 with different color schemes, scss files included
            [code] => JumpLink.Viola
            [updated_at] => 2019-05-14 21:16:48
            [image] => //gateway.octobercms.com/storage/app/uploads/public/574/6af/435/thumb_4705_210_140_0_0_crop.png
            [author] => JumpLink
            [hash] => fe09a3915724fcc241e0e5914c8ea346
            [demo_url] => http://healthyteeth.jumplink.eu/
            [product_url] => http://gateway.octobercms.com/theme/jumplink-viola
        )

    [6] => Array
        (
            [name] => Relax
            [description] => A fictional site called House of Chairs that demonstrates how to build a client-friendly website.
            [code] => RainLab.Relax
            [updated_at] => 2019-05-14 19:00:46
            [image] => //gateway.octobercms.com/storage/app/uploads/public/559/49e/2da/thumb_2585_210_140_0_0_crop.png
            [author] => RainLab
            [hash] => a35c64b09ad6347b8a226291e5b8fd75
            [demo_url] => 
            [product_url] => http://gateway.octobercms.com/theme/rainlab-relax
        )

    [7] => Array
        (
            [name] => Vanilla
            [description] => A plain starter template that implements account management, a blog and community forum.
            [code] => RainLab.Vanilla
            [updated_at] => 2019-05-14 22:34:53
            [image] => //gateway.octobercms.com/storage/app/uploads/public/552/da4/0f8/thumb_2106_210_140_0_0_crop.png
            [author] => RainLab
            [hash] => 4b893d1c085a298e9b9b1d13635a675f
            [demo_url] => 
            [product_url] => http://gateway.octobercms.com/theme/rainlab-vanilla
        )

    [8] => Array
        (
            [name] => Flat UI
            [description] => A theme that uses a Flat user-interface and has no dependencies on others plugins.
            [code] => Responsiv.Flat
            [updated_at] => 2019-05-14 19:57:26
            [image] => //gateway.octobercms.com/storage/app/uploads/public/53d/084/fbc/thumb_543_210_140_0_0_crop.png
            [author] => Responsiv Internet
            [hash] => 3b3994c2c50d1b0f49a0725d764c12e8
            [demo_url] => 
            [product_url] => http://gateway.octobercms.com/theme/responsiv-flat
        )

)

.============================ POST REQUEST ==========================.
[2019/05/14 11:05:18] Postback payload: Array
(
    [name] => Zwiebl.zwiebl_stellar
    [handler] => onThemeDetails
)

[2019/05/14 11:05:18] Server request: theme/detail
[2019/05/14 11:05:18] Request information: Array
(
    [url] => http://gateway.octobercms.com/api/theme/detail
    [content_type] => application/json
    [http_code] => 200
    [header_size] => 435
    [request_size] => 238
    [filetime] => -1
    [ssl_verify_result] => 0
    [redirect_count] => 0
    [total_time] => 0.065646
    [namelookup_time] => 1.8E-5
    [connect_time] => 0.000619
    [pretransfer_time] => 0.000646
    [size_upload] => 91
    [size_download] => 717
    [speed_download] => 10922
    [speed_upload] => 1386
    [download_content_length] => -1
    [upload_content_length] => 91
    [starttransfer_time] => 0.065622
    [redirect_time] => 0
    [redirect_url] => 
    [primary_ip] => 54.68.25.146
    [certinfo] => Array
        (
        )

    [primary_port] => 80
    [local_ip] => 172.31.29.203
    [local_port] => 53352
)

[2019/05/14 11:05:18] Execute handler (onThemeDetails): Array
(
    [name] => Stellar
    [description] => a clean, responsive one page and blog theme
    [code] => Zwiebl.zwiebl_stellar
    [updated_at] => 2019-05-14 22:12:40
    [image] => //gateway.octobercms.com/storage/app/uploads/public/57e/bb4/fe9/thumb_5641_210_140_0_0_crop.png
    [author] => Alpen.Space
    [hash] => 19345446d87ad08e6937503019a43fd9
    [demo_url] => https://demo-stellar.alpen.space/
    [product_url] => http://gateway.octobercms.com/theme/zwiebl-zwiebl-stellar
    [require] => Array
        (
            [0] => Array
                (
                    [name] => Blog
                    [description] => A robust blogging platform.
                    [code] => RainLab.Blog
                    [updated_at] => 2019-05-14 22:56:08
                    [image] => http://placehold.it/64x64
                    [author] => October
                    [hash] => 0b6eaf74c999eb254549d1b1ab90aaa3
                    [demo_url] => 
                    [product_url] => 
                )

        )

)

.============================ POST REQUEST ==========================.
[2019/05/14 11:05:18] Postback payload: Array
(
    [step] => getMetaData
    [meta] => 
    [plugins] => Array
        (
            [0] => Array
                (
                    [name] => Blog
                    [description] => A robust blogging platform.
                    [code] => RainLab.Blog
                    [updated_at] => 2019-05-14 22:56:08
                    [image] => http://placehold.it/64x64
                    [author] => October
                    [hash] => 0b6eaf74c999eb254549d1b1ab90aaa3
                    [demo_url] => 
                    [product_url] => 
                )

        )

    [themes] => Array
        (
            [0] => Array
                (
                    [name] => Stellar
                    [description] => a clean, responsive one page and blog theme
                    [code] => Zwiebl.zwiebl_stellar
                    [updated_at] => 2019-05-14 22:12:40
                    [image] => //gateway.octobercms.com/storage/app/uploads/public/57e/bb4/fe9/thumb_5641_210_140_0_0_crop.png
                    [author] => Alpen.Space
                    [hash] => 19345446d87ad08e6937503019a43fd9
                    [demo_url] => https://demo-stellar.alpen.space/
                    [product_url] => http://gateway.octobercms.com/theme/zwiebl-zwiebl-stellar
                    [require] => Array
                        (
                            [0] => Array
                                (
                                    [name] => Blog
                                    [description] => A robust blogging platform.
                                    [code] => RainLab.Blog
                                    [updated_at] => 2019-05-14 22:56:08
                                    [image] => http://placehold.it/64x64
                                    [author] => October
                                    [hash] => 0b6eaf74c999eb254549d1b1ab90aaa3
                                    [demo_url] => 
                                    [product_url] => 
                                )

                        )

                )

        )

    [handler] => onInstallStep
)

[2019/05/14 11:05:18] Install step: getMetaData
[2019/05/14 11:05:18] Server request: core/install
[2019/05/14 11:05:18] Request information: Array
(
    [url] => http://gateway.octobercms.com/api/core/install
    [content_type] => application/json
    [http_code] => 200
    [header_size] => 418
    [request_size] => 276
    [filetime] => -1
    [ssl_verify_result] => 0
    [redirect_count] => 0
    [total_time] => 0.273018
    [namelookup_time] => 2.0E-5
    [connect_time] => 0.0005
    [pretransfer_time] => 0.000526
    [size_upload] => 128
    [size_download] => 239
    [speed_download] => 875
    [speed_upload] => 468
    [download_content_length] => -1
    [upload_content_length] => 128
    [starttransfer_time] => 0.272995
    [redirect_time] => 0
    [redirect_url] => 
    [primary_ip] => 54.68.25.146
    [certinfo] => Array
        (
        )

    [primary_port] => 80
    [local_ip] => 172.31.29.203
    [local_port] => 53354
)

[2019/05/14 11:05:18] Step getMetaData +OK
[2019/05/14 11:05:18] Execute handler (onInstallStep): Array
(
    [result] => Array
        (
            [core] => Array
                (
                    [hash] => 64e03ee7c01ddd7da7c948916539e5f4
                    [build] => 454
                    [uhash] => e1789fc0ee851889ce2481b9b5ca15d4
                )

            [plugins] => Array
                (
                    [RainLab.Blog] => 0b6eaf74c999eb254549d1b1ab90aaa3
                )

            [themes] => Array
                (
                    [Zwiebl.zwiebl_stellar] => 19345446d87ad08e6937503019a43fd9
                )

        )

)

.============================ POST REQUEST ==========================.
[2019/05/14 11:05:18] Postback payload: Array
(
    [step] => downloadCore
    [meta] => Array
        (
            [core] => Array
                (
                    [hash] => 64e03ee7c01ddd7da7c948916539e5f4
                    [build] => 454
                    [uhash] => e1789fc0ee851889ce2481b9b5ca15d4
                )

            [plugins] => Array
                (
                    [RainLab.Blog] => 0b6eaf74c999eb254549d1b1ab90aaa3
                )

            [themes] => Array
                (
                    [Zwiebl.zwiebl_stellar] => 19345446d87ad08e6937503019a43fd9
                )

        )

    [handler] => onInstallStep
)

[2019/05/14 11:05:18] Install step: downloadCore
[2019/05/14 11:05:19] Saving to file (core): /var/www/html/install-master/install_files/temp/a74ad8dfacd4f985eb3977517615ce25.arc
[2019/05/14 11:05:19] Step downloadCore +OK
[2019/05/14 11:05:19] Execute handler (onInstallStep): Array
(
    [result] => 
)

.============================ POST REQUEST ==========================.
[2019/05/14 11:05:19] Postback payload: Array
(
    [step] => downloadPlugin
    [meta] => Array
        (
            [core] => Array
                (
                    [hash] => 64e03ee7c01ddd7da7c948916539e5f4
                    [build] => 454
                    [uhash] => e1789fc0ee851889ce2481b9b5ca15d4
                )

            [plugins] => Array
                (
                    [RainLab.Blog] => 0b6eaf74c999eb254549d1b1ab90aaa3
                )

            [themes] => Array
                (
                    [Zwiebl.zwiebl_stellar] => 19345446d87ad08e6937503019a43fd9
                )

        )

    [name] => RainLab.Blog
    [handler] => onInstallStep
)

[2019/05/14 11:05:19] Install step: downloadPlugin
[2019/05/14 11:05:19] Saving to file (RainLab.Blog-plugin): /var/www/html/install-master/install_files/temp/33b538b0804bdcfce25684369ded882c.arc
[2019/05/14 11:05:19] Step downloadPlugin +OK
[2019/05/14 11:05:19] Execute handler (onInstallStep): Array
(
    [result] => 
)

.============================ POST REQUEST ==========================.
[2019/05/14 11:05:20] Postback payload: Array
(
    [step] => downloadTheme
    [meta] => Array
        (
            [core] => Array
                (
                    [hash] => 64e03ee7c01ddd7da7c948916539e5f4
                    [build] => 454
                    [uhash] => e1789fc0ee851889ce2481b9b5ca15d4
                )

            [plugins] => Array
                (
                    [RainLab.Blog] => 0b6eaf74c999eb254549d1b1ab90aaa3
                )

            [themes] => Array
                (
                    [Zwiebl.zwiebl_stellar] => 19345446d87ad08e6937503019a43fd9
                )

        )

    [name] => Zwiebl.zwiebl_stellar
    [handler] => onInstallStep
)

[2019/05/14 11:05:20] Install step: downloadTheme
[2019/05/14 11:05:20] Saving to file (Zwiebl.zwiebl_stellar-theme): /var/www/html/install-master/install_files/temp/a40ddea3e77317a73353c7a4b2cfbd9a.arc
[2019/05/14 11:05:20] Step downloadTheme +OK
[2019/05/14 11:05:20] Execute handler (onInstallStep): Array
(
    [result] => 
)

.============================ POST REQUEST ==========================.
[2019/05/14 11:05:20] Postback payload: Array
(
    [step] => extractCore
    [meta] => Array
        (
            [core] => Array
                (
                    [hash] => 64e03ee7c01ddd7da7c948916539e5f4
                    [build] => 454
                    [uhash] => e1789fc0ee851889ce2481b9b5ca15d4
                )

            [plugins] => Array
                (
                    [RainLab.Blog] => 0b6eaf74c999eb254549d1b1ab90aaa3
                )

            [themes] => Array
                (
                    [Zwiebl.zwiebl_stellar] => 19345446d87ad08e6937503019a43fd9
                )

        )

    [handler] => onInstallStep
)

[2019/05/14 11:05:20] Install step: extractCore
[2019/05/14 11:05:20] Extracting file (core): a74ad8dfacd4f985eb3977517615ce25.arc
[2019/05/14 11:05:22] Step extractCore +OK
[2019/05/14 11:05:22] Execute handler (onInstallStep): Array
(
    [result] => 1
)

.============================ POST REQUEST ==========================.
[2019/05/14 11:05:22] Postback payload: Array
(
    [step] => extractPlugin
    [meta] => Array
        (
            [core] => Array
                (
                    [hash] => 64e03ee7c01ddd7da7c948916539e5f4
                    [build] => 454
                    [uhash] => e1789fc0ee851889ce2481b9b5ca15d4
                )

            [plugins] => Array
                (
                    [RainLab.Blog] => 0b6eaf74c999eb254549d1b1ab90aaa3
                )

            [themes] => Array
                (
                    [Zwiebl.zwiebl_stellar] => 19345446d87ad08e6937503019a43fd9
                )

        )

    [name] => RainLab.Blog
    [handler] => onInstallStep
)

[2019/05/14 11:05:22] Install step: extractPlugin
[2019/05/14 11:05:22] Extracting file (RainLab.Blog-plugin): 33b538b0804bdcfce25684369ded882c.arc
[2019/05/14 11:05:22] Step extractPlugin +OK
[2019/05/14 11:05:22] Execute handler (onInstallStep): Array
(
    [result] => 1
)

.============================ POST REQUEST ==========================.
[2019/05/14 11:05:23] Postback payload: Array
(
    [step] => extractTheme
    [meta] => Array
        (
            [core] => Array
                (
                    [hash] => 64e03ee7c01ddd7da7c948916539e5f4
                    [build] => 454
                    [uhash] => e1789fc0ee851889ce2481b9b5ca15d4
                )

            [plugins] => Array
                (
                    [RainLab.Blog] => 0b6eaf74c999eb254549d1b1ab90aaa3
                )

            [themes] => Array
                (
                    [Zwiebl.zwiebl_stellar] => 19345446d87ad08e6937503019a43fd9
                )

        )

    [name] => Zwiebl.zwiebl_stellar
    [handler] => onInstallStep
)

[2019/05/14 11:05:23] Install step: extractTheme
[2019/05/14 11:05:23] Extracting file (Zwiebl.zwiebl_stellar-theme): a40ddea3e77317a73353c7a4b2cfbd9a.arc
[2019/05/14 11:05:23] Step extractTheme +OK
[2019/05/14 11:05:23] Execute handler (onInstallStep): Array
(
    [result] => 1
)

.============================ POST REQUEST ==========================.
[2019/05/14 11:05:23] Postback payload: Array
(
    [step] => setupConfig
    [meta] => Array
        (
            [core] => Array
                (
                    [hash] => 64e03ee7c01ddd7da7c948916539e5f4
                    [build] => 454
                    [uhash] => e1789fc0ee851889ce2481b9b5ca15d4
                )

            [plugins] => Array
                (
                    [RainLab.Blog] => 0b6eaf74c999eb254549d1b1ab90aaa3
                )

            [themes] => Array
                (
                    [Zwiebl.zwiebl_stellar] => 19345446d87ad08e6937503019a43fd9
                )

        )

    [db_type] => mysql
    [db_host] => localhost
    [db_port] => 
    [db_name] => flexui
    [db_user] => root
    [db_pass] => *******
    [admin_first_name] => Admin
    [admin_last_name] => Person
    [admin_email] => *******@*****.com
    [admin_login] => root
    [admin_password] => *******
    [admin_confirm_password] => *******
    [backend_uri] => /backend
    [encryption_code] => *******
    [file_mask] => 777
    [folder_mask] => 777
    [active_theme] => Zwiebl.zwiebl_stellar
    [handler] => onInstallStep
)

[2019/05/14 11:05:23] Install step: setupConfig
[2019/05/14 11:05:23] Step setupConfig +OK
[2019/05/14 11:05:23] Execute handler (onInstallStep): Array
(
    [result] => 
)

.============================ POST REQUEST ==========================.
[2019/05/14 11:05:24] Postback payload: Array
(
    [step] => createAdmin
    [meta] => Array
        (
            [core] => Array
                (
                    [hash] => 64e03ee7c01ddd7da7c948916539e5f4
                    [build] => 454
                    [uhash] => e1789fc0ee851889ce2481b9b5ca15d4
                )

            [plugins] => Array
                (
                    [RainLab.Blog] => 0b6eaf74c999eb254549d1b1ab90aaa3
                )

            [themes] => Array
                (
                    [Zwiebl.zwiebl_stellar] => 19345446d87ad08e6937503019a43fd9
                )

        )

    [db_type] => mysql
    [db_host] => localhost
    [db_port] => 
    [db_name] => flexui
    [db_user] => root
    [db_pass] => *******
    [admin_first_name] => Admin
    [admin_last_name] => Person
    [admin_email] => *******@*****.com
    [admin_login] => root
    [admin_password] => *******
    [admin_confirm_password] => *******
    [backend_uri] => /backend
    [encryption_code] => *******
    [file_mask] => 777
    [folder_mask] => 777
    [active_theme] => Zwiebl.zwiebl_stellar
    [handler] => onInstallStep
)

[2019/05/14 11:05:24] Install step: createAdmin
[2019/05/14 11:05:24] Handler error (onInstallStep): SQLSTATE[HY000] [1045] Access denied for user 'root'@'localhost' (using password: NO) (SQL: select * from information_schema.tables where table_schema = database and table_name = migrations)
[2019/05/14 11:05:24] Trace log:
#0 /var/www/html/install-master/vendor/laravel/framework/src/Illuminate/Database/Connection.php(624): Illuminate\Database\Connection->runQueryCallback('select * from i...', Array, Object(Closure))
#1 /var/www/html/install-master/vendor/laravel/framework/src/Illuminate/Database/Connection.php(333): Illuminate\Database\Connection->run('select * from i...', Array, Object(Closure))
#2 /var/www/html/install-master/vendor/laravel/framework/src/Illuminate/Database/Schema/MySqlBuilder.php(18): Illuminate\Database\Connection->select('select * from i...', Array)
#3 /var/www/html/install-master/vendor/laravel/framework/src/Illuminate/Support/Facades/Facade.php(221): Illuminate\Database\Schema\MySqlBuilder->hasTable('migrations')
#4 /var/www/html/install-master/modules/system/classes/UpdateManager.php(135): Illuminate\Support\Facades\Facade::__callStatic('hasTable', Array)
#5 /var/www/html/install-master/install_files/php/Installer.php(525): System\Classes\UpdateManager->update()
#6 /var/www/html/install-master/install_files/php/Installer.php(382): Installer->createAdminAccount()
#7 /var/www/html/install-master/install_files/php/Installer.php(48): Installer->onInstallStep()
#8 /var/www/html/install-master/install_files/php/boot.php(91): Installer->__construct()
#9 /var/www/html/install-master/install.php(1): include('/var/www/html/i...')
#10 {main}
.============================ POST REQUEST ==========================.
[2019/05/14 11:05:30] Postback payload: Array
(
    [step] => createAdmin
    [meta] => Array
        (
            [core] => Array
                (
                    [hash] => 64e03ee7c01ddd7da7c948916539e5f4
                    [build] => 454
                    [uhash] => e1789fc0ee851889ce2481b9b5ca15d4
                )

            [plugins] => Array
                (
                    [RainLab.Blog] => 0b6eaf74c999eb254549d1b1ab90aaa3
                )

            [themes] => Array
                (
                    [Zwiebl.zwiebl_stellar] => 19345446d87ad08e6937503019a43fd9
                )

        )

    [db_type] => mysql
    [db_host] => localhost
    [db_port] => 
    [db_name] => flexui
    [db_user] => root
    [db_pass] => *******
    [admin_first_name] => Admin
    [admin_last_name] => Person
    [admin_email] => *******@*****.com
    [admin_login] => root
    [admin_password] => *******
    [admin_confirm_password] => *******
    [backend_uri] => /backend
    [encryption_code] => *******
    [file_mask] => 777
    [folder_mask] => 777
    [active_theme] => Zwiebl.zwiebl_stellar
    [handler] => onInstallStep
)

[2019/05/14 11:05:30] Install step: createAdmin
[2019/05/14 11:05:31] Step createAdmin +OK
[2019/05/14 11:05:31] Execute handler (onInstallStep): Array
(
    [result] => 
)

.============================ POST REQUEST ==========================.
[2019/05/14 11:05:32] Postback payload: Array
(
    [disableLog] => 1
)

[2019/05/14 11:05:32] Install step: setupProject
[2019/05/14 11:05:32] Step setupProject +OK
[2019/05/14 11:05:32] Execute handler (onInstallStep): Array
(
    [result] => 
)

.============================ POST REQUEST ==========================.
[2019/05/14 11:05:32] Postback payload: Array
(
    [step] => finishInstall
    [meta] => Array
        (
            [core] => Array
                (
                    [hash] => 64e03ee7c01ddd7da7c948916539e5f4
                    [build] => 454
                    [uhash] => e1789fc0ee851889ce2481b9b5ca15d4
                )

            [plugins] => Array
                (
                    [RainLab.Blog] => 0b6eaf74c999eb254549d1b1ab90aaa3
                )

            [themes] => Array
                (
                    [Zwiebl.zwiebl_stellar] => 19345446d87ad08e6937503019a43fd9
                )

        )

    [hash] => 64e03ee7c01ddd7da7c948916539e5f4
    [build] => 454
    [uhash] => e1789fc0ee851889ce2481b9b5ca15d4
    [handler] => onInstallStep
)

[2019/05/14 11:05:32] Install step: finishInstall
[2019/05/14 11:05:32] Cleaning up file: 33b538b0804bdcfce25684369ded882c.arc
[2019/05/14 11:05:32] Cleaning up file: a74ad8dfacd4f985eb3977517615ce25.arc
[2019/05/14 11:05:32] Cleaning up file: a40ddea3e77317a73353c7a4b2cfbd9a.arc
[2019/05/14 11:05:32] Step finishInstall +OK
[2019/05/14 11:05:32] Execute handler (onInstallStep): Array
(
    [result] => 
)

